<?xml version="1.0" encoding="UTF-8"?>
<!-- Generated by org.testng.reporters.JUnitReportReporter -->
<testsuite hostname="DESKTOP-2JBFBCA" failures="0" tests="1" name="com.mystore.testcases.OrderPageTest" time="62.747" errors="0" timestamp="2022-03-31T12:49:59 EDT" skipped="0">
  <testcase classname="com.mystore.testcases.OrderPageTest" name="verifyTotalPrice" time="62.747"/>
  <system-out/>
</testsuite> <!-- com.mystore.testcases.OrderPageTest -->
