<?xml version="1.0" encoding="UTF-8"?>
<!-- Generated by org.testng.reporters.JUnitReportReporter -->
<testsuite hostname="DESKTOP-2JBFBCA" failures="0" tests="1" name="com.mystore.testcases.LoginPageTest" time="13.165" errors="0" timestamp="2022-03-31T12:28:44 EDT" skipped="0">
  <testcase classname="com.mystore.testcases.LoginPageTest" name="loginTest" time="13.165"/>
  <system-out/>
</testsuite> <!-- com.mystore.testcases.LoginPageTest -->
