<?xml version="1.0" encoding="UTF-8"?>
<!-- Generated by org.testng.reporters.JUnitReportReporter -->
<testsuite hostname="DESKTOP-2JBFBCA" failures="0" tests="3" name="com.mystore.testcases.AccountCreationPageTest" time="57.845" errors="0" timestamp="2022-03-31T12:49:59 EDT" skipped="0">
  <testcase classname="com.mystore.testcases.AccountCreationPageTest" name="createAccountTest" time="17.828"/>
  <system-out/>
  <testcase classname="com.mystore.testcases.AccountCreationPageTest" name="createAccountTest" time="23.457"/>
  <system-out/>
  <testcase classname="com.mystore.testcases.AccountCreationPageTest" name="createAccountTest" time="16.560"/>
  <system-out/>
</testsuite> <!-- com.mystore.testcases.AccountCreationPageTest -->
