<?xml version="1.0" encoding="UTF-8"?>
<!-- Generated by org.testng.reporters.JUnitReportReporter -->
<testsuite hostname="DESKTOP-2JBFBCA" failures="0" tests="2" name="com.mystore.testcases.IndexPageTest" time="27.233" errors="0" timestamp="2022-03-31T12:41:16 EDT" skipped="0">
  <testcase classname="com.mystore.testcases.IndexPageTest" name="verifyLogo" time="15.550"/>
  <system-out/>
  <testcase classname="com.mystore.testcases.IndexPageTest" name="verifyTitle" time="11.683"/>
  <system-out/>
</testsuite> <!-- com.mystore.testcases.IndexPageTest -->
