<?xml version="1.0" encoding="UTF-8"?>
<!-- Generated by org.testng.reporters.JUnitReportReporter -->
<testsuite hostname="DESKTOP-2JBFBCA" failures="0" tests="2" name="com.mystore.testcases.IndexPageTest" time="10.344" errors="0" timestamp="2022-04-03T13:14:56 EDT" skipped="0">
  <testcase classname="com.mystore.testcases.IndexPageTest" name="verifyTitle" time="5.592"/>
  <system-out/>
  <testcase classname="com.mystore.testcases.IndexPageTest" name="verifyLogo" time="4.752"/>
  <system-out/>
</testsuite> <!-- com.mystore.testcases.IndexPageTest -->
