<?xml version="1.0" encoding="UTF-8"?>
<!-- Generated by org.testng.reporters.JUnitReportReporter -->
<testsuite hostname="DESKTOP-2JBFBCA" failures="0" tests="1" name="com.mystore.testcases.SearchResultPageTest" time="10.786" errors="0" timestamp="2022-03-31T12:28:44 EDT" skipped="0">
  <testcase classname="com.mystore.testcases.SearchResultPageTest" name="productAvailabilityTest" time="10.786"/>
  <system-out/>
</testsuite> <!-- com.mystore.testcases.SearchResultPageTest -->
