<?xml version="1.0" encoding="UTF-8"?>
<!-- Generated by org.testng.reporters.JUnitReportReporter -->
<testsuite hostname="DESKTOP-2JBFBCA" failures="0" tests="2" name="com.mystore.testcases.HomePageTest" time="38.262" errors="0" timestamp="2022-03-31T12:28:44 EDT" skipped="0">
  <testcase classname="com.mystore.testcases.HomePageTest" name="wishListTest" time="12.342"/>
  <system-out/>
  <testcase classname="com.mystore.testcases.HomePageTest" name="orderHistoryandDetailsTest" time="25.920"/>
  <system-out/>
</testsuite> <!-- com.mystore.testcases.HomePageTest -->
