<?xml version="1.0" encoding="UTF-8"?>
<!-- Generated by org.testng.reporters.JUnitReportReporter -->
<testsuite hostname="DESKTOP-2JBFBCA" failures="0" tests="1" name="com.mystore.testcases.OrderPageTest" time="21.472" errors="0" timestamp="2022-04-03T13:14:56 EDT" skipped="0">
  <testcase classname="com.mystore.testcases.OrderPageTest" name="verifyTotalPrice" time="21.472"/>
  <system-out/>
</testsuite> <!-- com.mystore.testcases.OrderPageTest -->
